<?xml version="1.0" encoding="UTF-8"?>
<!-- Generated by org.testng.reporters.JUnitXMLReporter -->
<testsuite ignored="2" hostname="TYSS-Chaithra" failures="1" tests="2" name="Test" time="34.672" errors="0" timestamp="2022-03-16T16:11:04 IST">
  <testcase classname="com.crm.OrganizationTests.CreateOrgWithIndustryTypeTest" name="createOrgWithIndTypeTest" time="11.705"/>
  <testcase classname="com.crm.OrganizationTests.CreateOrgTest" name="createOrgTest" time="4.712">
    <failure type="java.lang.AssertionError" message="null">
      <![CDATA[java.lang.AssertionError: null
at com.crm.OrganizationTests.CreateOrgTest.createOrgTest(CreateOrgTest.java:51)
at java.base/java.util.ArrayList.forEach(ArrayList.java:1541)
... Removed 29 stack frames]]>
    </failure>
  </testcase> <!-- createOrgTest -->
  <testcase classname="GenericLibrary.BaseClass" name="@AfterSuite closeDb" time="0.0">
    <ignored/>
  </testcase> <!-- @AfterSuite closeDb -->
  <testcase classname="GenericLibrary.BaseClass" name="@BeforeSuite connectDataBase" time="0.0">
    <ignored/>
  </testcase> <!-- @BeforeSuite connectDataBase -->
</testsuite> <!-- Test -->
